[0.864s] Invoking command in '/home/swarghane/phase1_practice_ws/build/my_services': PYTHONPATH=/home/swarghane/phase1_practice_ws/build/my_services/prefix_override:/usr/lib/python3/dist-packages/colcon_core/task/python/colcon_distutils_commands:/home/swarghane/phase1_practice_ws/install/my_services/lib/python3.10/site-packages:${PYTHONPATH} /usr/bin/python3 -W ignore:setup.py install is deprecated -W ignore:easy_install command is deprecated setup.py develop --editable --build-directory /home/swarghane/phase1_practice_ws/build/my_services/build --no-deps symlink_data
[1.102s] running develop
[1.259s] running egg_info
[1.259s] writing my_services.egg-info/PKG-INFO
[1.259s] writing dependency_links to my_services.egg-info/dependency_links.txt
[1.260s] writing entry points to my_services.egg-info/entry_points.txt
[1.260s] writing requirements to my_services.egg-info/requires.txt
[1.260s] writing top-level names to my_services.egg-info/top_level.txt
[1.262s] reading manifest file 'my_services.egg-info/SOURCES.txt'
[1.263s] writing manifest file 'my_services.egg-info/SOURCES.txt'
[1.265s] running build_ext
[1.265s] Creating /home/swarghane/phase1_practice_ws/install/my_services/lib/python3.10/site-packages/my-services.egg-link (link to .)
[1.266s] Installing add_two_ints_client script to /home/swarghane/phase1_practice_ws/install/my_services/lib/my_services
[1.267s] Installing add_two_ints_server script to /home/swarghane/phase1_practice_ws/install/my_services/lib/my_services
[1.267s] Installing dist_safety_client script to /home/swarghane/phase1_practice_ws/install/my_services/lib/my_services
[1.268s] Installing dist_safety_server script to /home/swarghane/phase1_practice_ws/install/my_services/lib/my_services
[1.268s] Installing static_broadcaster script to /home/swarghane/phase1_practice_ws/install/my_services/lib/my_services
[1.269s] 
[1.269s] Installed /home/swarghane/phase1_practice_ws/build/my_services
[1.269s] running symlink_data
[1.322s] Invoked command in '/home/swarghane/phase1_practice_ws/build/my_services' returned '0': PYTHONPATH=/home/swarghane/phase1_practice_ws/build/my_services/prefix_override:/usr/lib/python3/dist-packages/colcon_core/task/python/colcon_distutils_commands:/home/swarghane/phase1_practice_ws/install/my_services/lib/python3.10/site-packages:${PYTHONPATH} /usr/bin/python3 -W ignore:setup.py install is deprecated -W ignore:easy_install command is deprecated setup.py develop --editable --build-directory /home/swarghane/phase1_practice_ws/build/my_services/build --no-deps symlink_data
