[0.658s] Invoking command in '/home/swarghane/phase1_practice_ws/build/my_services': PYTHONPATH=/home/swarghane/phase1_practice_ws/build/my_services/prefix_override:/usr/lib/python3/dist-packages/colcon_core/task/python/colcon_distutils_commands:/home/swarghane/phase1_practice_ws/install/my_services/lib/python3.10/site-packages:${PYTHONPATH} /usr/bin/python3 -W ignore:setup.py install is deprecated -W ignore:easy_install command is deprecated setup.py develop --editable --build-directory /home/swarghane/phase1_practice_ws/build/my_services/build --no-deps symlink_data
[0.832s] running develop
[0.932s] running egg_info
[0.932s] writing my_services.egg-info/PKG-INFO
[0.934s] writing dependency_links to my_services.egg-info/dependency_links.txt
[0.935s] writing entry points to my_services.egg-info/entry_points.txt
[0.935s] writing requirements to my_services.egg-info/requires.txt
[0.935s] writing top-level names to my_services.egg-info/top_level.txt
[0.937s] reading manifest file 'my_services.egg-info/SOURCES.txt'
[0.938s] writing manifest file 'my_services.egg-info/SOURCES.txt'
[0.940s] running build_ext
[0.940s] Creating /home/swarghane/phase1_practice_ws/install/my_services/lib/python3.10/site-packages/my-services.egg-link (link to .)
[0.942s] Installing add_two_ints_client script to /home/swarghane/phase1_practice_ws/install/my_services/lib/my_services
[0.942s] Installing add_two_ints_server script to /home/swarghane/phase1_practice_ws/install/my_services/lib/my_services
[0.943s] Installing dist_safety_client script to /home/swarghane/phase1_practice_ws/install/my_services/lib/my_services
[0.943s] Installing dist_safety_server script to /home/swarghane/phase1_practice_ws/install/my_services/lib/my_services
[0.943s] Installing dynamic_tf_publisher script to /home/swarghane/phase1_practice_ws/install/my_services/lib/my_services
[0.944s] Installing static_broadcaster script to /home/swarghane/phase1_practice_ws/install/my_services/lib/my_services
[0.944s] 
[0.944s] Installed /home/swarghane/phase1_practice_ws/build/my_services
[0.944s] running symlink_data
[0.971s] Invoked command in '/home/swarghane/phase1_practice_ws/build/my_services' returned '0': PYTHONPATH=/home/swarghane/phase1_practice_ws/build/my_services/prefix_override:/usr/lib/python3/dist-packages/colcon_core/task/python/colcon_distutils_commands:/home/swarghane/phase1_practice_ws/install/my_services/lib/python3.10/site-packages:${PYTHONPATH} /usr/bin/python3 -W ignore:setup.py install is deprecated -W ignore:easy_install command is deprecated setup.py develop --editable --build-directory /home/swarghane/phase1_practice_ws/build/my_services/build --no-deps symlink_data
