[0.357s] DEBUG:colcon:Command line arguments: ['/usr/bin/colcon', 'build', '--symlink-install']
[0.357s] DEBUG:colcon:Parsed command line arguments: Namespace(log_base=None, log_level=None, verb_name='build', build_base='build', install_base='install', merge_install=False, symlink_install=True, test_result_base=None, continue_on_error=False, executor='parallel', parallel_workers=8, event_handlers=None, ignore_user_meta=False, metas=['./colcon.meta'], base_paths=['.'], packages_ignore=None, packages_ignore_regex=None, paths=None, packages_up_to=None, packages_up_to_regex=None, packages_above=None, packages_above_and_dependencies=None, packages_above_depth=None, packages_select_by_dep=None, packages_skip_by_dep=None, packages_skip_up_to=None, packages_select_build_failed=False, packages_skip_build_finished=False, packages_select_test_failures=False, packages_skip_test_passed=False, packages_select=None, packages_skip=None, packages_select_regex=None, packages_skip_regex=None, packages_start=None, packages_end=None, allow_overriding=[], cmake_args=None, cmake_target=None, cmake_target_skip_unavailable=False, cmake_clean_cache=False, cmake_clean_first=False, cmake_force_configure=False, ament_cmake_args=None, catkin_cmake_args=None, catkin_skip_building_tests=False, mixin_files=None, mixin=None, verb_parser=<colcon_mixin.mixin.mixin_argument.MixinArgumentDecorator object at 0x76e925034730>, verb_extension=<colcon_core.verb.build.BuildVerb object at 0x76e9251555d0>, main=<bound method BuildVerb.main of <colcon_core.verb.build.BuildVerb object at 0x76e9251555d0>>, mixin_verb=('build',))
[0.743s] Level 1:colcon.colcon_core.package_discovery:discover_packages(colcon_meta) check parameters
[0.743s] Level 1:colcon.colcon_core.package_discovery:discover_packages(recursive) check parameters
[0.743s] Level 1:colcon.colcon_core.package_discovery:discover_packages(ignore) check parameters
[0.743s] Level 1:colcon.colcon_core.package_discovery:discover_packages(path) check parameters
[0.743s] Level 1:colcon.colcon_core.package_discovery:discover_packages(colcon_meta) discover
[0.743s] Level 1:colcon.colcon_core.package_discovery:discover_packages(recursive) discover
[0.743s] INFO:colcon.colcon_core.package_discovery:Crawling recursively for packages in '/home/swarghane/phase1_practice_ws/src'
[0.743s] Level 1:colcon.colcon_core.package_identification:_identify(.) by extensions ['ignore', 'ignore_ament_install']
[0.743s] Level 1:colcon.colcon_core.package_identification:_identify(.) by extension 'ignore'
[0.744s] Level 1:colcon.colcon_core.package_identification:_identify(.) by extension 'ignore_ament_install'
[0.744s] Level 1:colcon.colcon_core.package_identification:_identify(.) by extensions ['colcon_pkg']
[0.744s] Level 1:colcon.colcon_core.package_identification:_identify(.) by extension 'colcon_pkg'
[0.744s] Level 1:colcon.colcon_core.package_identification:_identify(.) by extensions ['colcon_meta']
[0.744s] Level 1:colcon.colcon_core.package_identification:_identify(.) by extension 'colcon_meta'
[0.744s] Level 1:colcon.colcon_core.package_identification:_identify(.) by extensions ['ros']
[0.744s] Level 1:colcon.colcon_core.package_identification:_identify(.) by extension 'ros'
[0.753s] Level 1:colcon.colcon_core.package_identification:_identify(.) by extensions ['cmake', 'python']
[0.753s] Level 1:colcon.colcon_core.package_identification:_identify(.) by extension 'cmake'
[0.754s] Level 1:colcon.colcon_core.package_identification:_identify(.) by extension 'python'
[0.754s] Level 1:colcon.colcon_core.package_identification:_identify(.) by extensions ['python_setup_py']
[0.754s] Level 1:colcon.colcon_core.package_identification:_identify(.) by extension 'python_setup_py'
[0.754s] Level 1:colcon.colcon_core.package_identification:_identify(build) by extensions ['ignore', 'ignore_ament_install']
[0.754s] Level 1:colcon.colcon_core.package_identification:_identify(build) by extension 'ignore'
[0.754s] Level 1:colcon.colcon_core.package_identification:_identify(build) ignored
[0.754s] Level 1:colcon.colcon_core.package_identification:_identify(install) by extensions ['ignore', 'ignore_ament_install']
[0.754s] Level 1:colcon.colcon_core.package_identification:_identify(install) by extension 'ignore'
[0.754s] Level 1:colcon.colcon_core.package_identification:_identify(install) ignored
[0.754s] Level 1:colcon.colcon_core.package_identification:_identify(log) by extensions ['ignore', 'ignore_ament_install']
[0.754s] Level 1:colcon.colcon_core.package_identification:_identify(log) by extension 'ignore'
[0.754s] Level 1:colcon.colcon_core.package_identification:_identify(log) ignored
[0.754s] Level 1:colcon.colcon_core.package_identification:_identify(my_services) by extensions ['ignore', 'ignore_ament_install']
[0.754s] Level 1:colcon.colcon_core.package_identification:_identify(my_services) by extension 'ignore'
[0.754s] Level 1:colcon.colcon_core.package_identification:_identify(my_services) by extension 'ignore_ament_install'
[0.754s] Level 1:colcon.colcon_core.package_identification:_identify(my_services) by extensions ['colcon_pkg']
[0.754s] Level 1:colcon.colcon_core.package_identification:_identify(my_services) by extension 'colcon_pkg'
[0.754s] Level 1:colcon.colcon_core.package_identification:_identify(my_services) by extensions ['colcon_meta']
[0.754s] Level 1:colcon.colcon_core.package_identification:_identify(my_services) by extension 'colcon_meta'
[0.754s] Level 1:colcon.colcon_core.package_identification:_identify(my_services) by extensions ['ros']
[0.754s] Level 1:colcon.colcon_core.package_identification:_identify(my_services) by extension 'ros'
[0.764s] DEBUG:colcon.colcon_core.package_identification:Package 'my_services' with type 'ros.ament_python' and name 'my_services'
[0.764s] Level 1:colcon.colcon_core.package_discovery:discover_packages(recursive) using defaults
[0.764s] Level 1:colcon.colcon_core.package_discovery:discover_packages(ignore) discover
[0.764s] Level 1:colcon.colcon_core.package_discovery:discover_packages(ignore) using defaults
[0.764s] Level 1:colcon.colcon_core.package_discovery:discover_packages(path) discover
[0.764s] Level 1:colcon.colcon_core.package_discovery:discover_packages(path) using defaults
[0.812s] Level 1:colcon.colcon_core.package_discovery:discover_packages(prefix_path) check parameters
[0.812s] Level 1:colcon.colcon_core.package_discovery:discover_packages(prefix_path) discover
[0.821s] DEBUG:colcon.colcon_installed_package_information.package_discovery:Found 272 installed packages in /opt/ros/humble
[0.831s] Level 1:colcon.colcon_core.package_discovery:discover_packages(prefix_path) using defaults
[0.873s] Level 5:colcon.colcon_core.verb:set package 'my_services' build argument 'cmake_args' from command line to 'None'
[0.873s] Level 5:colcon.colcon_core.verb:set package 'my_services' build argument 'cmake_target' from command line to 'None'
[0.873s] Level 5:colcon.colcon_core.verb:set package 'my_services' build argument 'cmake_target_skip_unavailable' from command line to 'False'
[0.873s] Level 5:colcon.colcon_core.verb:set package 'my_services' build argument 'cmake_clean_cache' from command line to 'False'
[0.873s] Level 5:colcon.colcon_core.verb:set package 'my_services' build argument 'cmake_clean_first' from command line to 'False'
[0.873s] Level 5:colcon.colcon_core.verb:set package 'my_services' build argument 'cmake_force_configure' from command line to 'False'
[0.873s] Level 5:colcon.colcon_core.verb:set package 'my_services' build argument 'ament_cmake_args' from command line to 'None'
[0.873s] Level 5:colcon.colcon_core.verb:set package 'my_services' build argument 'catkin_cmake_args' from command line to 'None'
[0.873s] Level 5:colcon.colcon_core.verb:set package 'my_services' build argument 'catkin_skip_building_tests' from command line to 'False'
[0.873s] DEBUG:colcon.colcon_core.verb:Building package 'my_services' with the following arguments: {'ament_cmake_args': None, 'build_base': '/home/swarghane/phase1_practice_ws/src/build/my_services', 'catkin_cmake_args': None, 'catkin_skip_building_tests': False, 'cmake_args': None, 'cmake_clean_cache': False, 'cmake_clean_first': False, 'cmake_force_configure': False, 'cmake_target': None, 'cmake_target_skip_unavailable': False, 'install_base': '/home/swarghane/phase1_practice_ws/src/install/my_services', 'merge_install': False, 'path': '/home/swarghane/phase1_practice_ws/src/my_services', 'symlink_install': True, 'test_result_base': None}
[0.873s] INFO:colcon.colcon_core.executor:Executing jobs using 'parallel' executor
[0.875s] DEBUG:colcon.colcon_parallel_executor.executor.parallel:run_until_complete
[0.876s] INFO:colcon.colcon_ros.task.ament_python.build:Building ROS package in '/home/swarghane/phase1_practice_ws/src/my_services' with build type 'ament_python'
[0.878s] Level 1:colcon.colcon_core.shell:create_environment_hook('my_services', 'ament_prefix_path')
[0.889s] INFO:colcon.colcon_core.plugin_system:Skipping extension 'colcon_core.shell.bat': Not used on non-Windows systems
[0.890s] INFO:colcon.colcon_core.shell:Creating environment hook '/home/swarghane/phase1_practice_ws/src/install/my_services/share/my_services/hook/ament_prefix_path.ps1'
[0.891s] INFO:colcon.colcon_core.shell:Creating environment descriptor '/home/swarghane/phase1_practice_ws/src/install/my_services/share/my_services/hook/ament_prefix_path.dsv'
[0.893s] INFO:colcon.colcon_core.shell:Creating environment hook '/home/swarghane/phase1_practice_ws/src/install/my_services/share/my_services/hook/ament_prefix_path.sh'
[0.894s] INFO:colcon.colcon_core.shell:Skip shell extension 'powershell' for command environment: Not usable outside of PowerShell
[0.894s] DEBUG:colcon.colcon_core.shell:Skip shell extension 'dsv' for command environment
[1.100s] INFO:colcon.colcon_core.task.python.build:Building Python package in '/home/swarghane/phase1_practice_ws/src/my_services'
[1.100s] INFO:colcon.colcon_core.shell:Skip shell extension 'powershell' for command environment: Not usable outside of PowerShell
[1.100s] DEBUG:colcon.colcon_core.shell:Skip shell extension 'dsv' for command environment
[1.602s] DEBUG:colcon.colcon_core.event_handler.log_command:Invoking command in '/home/swarghane/phase1_practice_ws/src/build/my_services': PYTHONPATH=/home/swarghane/phase1_practice_ws/src/build/my_services/prefix_override:/usr/lib/python3/dist-packages/colcon_core/task/python/colcon_distutils_commands:/home/swarghane/phase1_practice_ws/src/install/my_services/lib/python3.10/site-packages:${PYTHONPATH} /usr/bin/python3 -W ignore:setup.py install is deprecated -W ignore:easy_install command is deprecated setup.py develop --editable --build-directory /home/swarghane/phase1_practice_ws/src/build/my_services/build --no-deps symlink_data
[1.900s] Level 1:colcon.colcon_core.shell:create_environment_hook('my_services', 'pythonpath_develop')
[1.900s] DEBUG:colcon.colcon_core.event_handler.log_command:Invoked command in '/home/swarghane/phase1_practice_ws/src/build/my_services' returned '0': PYTHONPATH=/home/swarghane/phase1_practice_ws/src/build/my_services/prefix_override:/usr/lib/python3/dist-packages/colcon_core/task/python/colcon_distutils_commands:/home/swarghane/phase1_practice_ws/src/install/my_services/lib/python3.10/site-packages:${PYTHONPATH} /usr/bin/python3 -W ignore:setup.py install is deprecated -W ignore:easy_install command is deprecated setup.py develop --editable --build-directory /home/swarghane/phase1_practice_ws/src/build/my_services/build --no-deps symlink_data
[1.901s] INFO:colcon.colcon_core.shell:Creating environment hook '/home/swarghane/phase1_practice_ws/src/build/my_services/share/my_services/hook/pythonpath_develop.ps1'
[1.904s] INFO:colcon.colcon_core.shell:Creating environment descriptor '/home/swarghane/phase1_practice_ws/src/build/my_services/share/my_services/hook/pythonpath_develop.dsv'
[1.904s] INFO:colcon.colcon_core.shell:Creating environment hook '/home/swarghane/phase1_practice_ws/src/build/my_services/share/my_services/hook/pythonpath_develop.sh'
[1.920s] Level 1:colcon.colcon_core.environment:checking '/home/swarghane/phase1_practice_ws/src/install/my_services' for CMake module files
[1.920s] Level 1:colcon.colcon_core.environment:checking '/home/swarghane/phase1_practice_ws/src/install/my_services' for CMake config files
[1.920s] Level 1:colcon.colcon_core.environment:checking '/home/swarghane/phase1_practice_ws/src/install/my_services/lib'
[1.920s] Level 1:colcon.colcon_core.environment:checking '/home/swarghane/phase1_practice_ws/src/install/my_services/bin'
[1.921s] Level 1:colcon.colcon_core.environment:checking '/home/swarghane/phase1_practice_ws/src/install/my_services/lib/pkgconfig/my_services.pc'
[1.921s] Level 1:colcon.colcon_core.environment:checking '/home/swarghane/phase1_practice_ws/src/install/my_services/lib/python3.10/site-packages'
[1.921s] Level 1:colcon.colcon_core.shell:create_environment_hook('my_services', 'pythonpath')
[1.921s] INFO:colcon.colcon_core.shell:Creating environment hook '/home/swarghane/phase1_practice_ws/src/install/my_services/share/my_services/hook/pythonpath.ps1'
[1.921s] INFO:colcon.colcon_core.shell:Creating environment descriptor '/home/swarghane/phase1_practice_ws/src/install/my_services/share/my_services/hook/pythonpath.dsv'
[1.922s] INFO:colcon.colcon_core.shell:Creating environment hook '/home/swarghane/phase1_practice_ws/src/install/my_services/share/my_services/hook/pythonpath.sh'
[1.922s] Level 1:colcon.colcon_core.environment:checking '/home/swarghane/phase1_practice_ws/src/install/my_services/bin'
[1.922s] Level 1:colcon.colcon_core.environment:create_environment_scripts_only(my_services)
[1.922s] INFO:colcon.colcon_core.shell:Creating package script '/home/swarghane/phase1_practice_ws/src/install/my_services/share/my_services/package.ps1'
[1.924s] INFO:colcon.colcon_core.shell:Creating package descriptor '/home/swarghane/phase1_practice_ws/src/install/my_services/share/my_services/package.dsv'
[1.925s] INFO:colcon.colcon_core.shell:Creating package script '/home/swarghane/phase1_practice_ws/src/install/my_services/share/my_services/package.sh'
[1.927s] INFO:colcon.colcon_core.shell:Creating package script '/home/swarghane/phase1_practice_ws/src/install/my_services/share/my_services/package.bash'
[1.929s] INFO:colcon.colcon_core.shell:Creating package script '/home/swarghane/phase1_practice_ws/src/install/my_services/share/my_services/package.zsh'
[1.930s] Level 1:colcon.colcon_core.environment:create_file_with_runtime_dependencies(/home/swarghane/phase1_practice_ws/src/install/my_services/share/colcon-core/packages/my_services)
[1.932s] DEBUG:colcon.colcon_parallel_executor.executor.parallel:closing loop
[1.932s] DEBUG:colcon.colcon_parallel_executor.executor.parallel:loop closed
[1.932s] DEBUG:colcon.colcon_parallel_executor.executor.parallel:run_until_complete finished with '0'
[1.932s] DEBUG:colcon.colcon_core.event_reactor:joining thread
[2.004s] INFO:colcon.colcon_core.plugin_system:Skipping extension 'colcon_notification.desktop_notification.notify_send': Could not find 'notify-send'
[2.005s] INFO:colcon.colcon_core.plugin_system:Skipping extension 'colcon_notification.desktop_notification.terminal_notifier': Not used on non-Darwin systems
[2.005s] INFO:colcon.colcon_core.plugin_system:Skipping extension 'colcon_notification.desktop_notification.win32': Not used on non-Windows systems
[2.005s] INFO:colcon.colcon_notification.desktop_notification:Sending desktop notification using 'notify2'
[2.055s] DEBUG:colcon.colcon_notification.desktop_notification.notify2:Failed to initialize notify2: org.freedesktop.DBus.Error.ServiceUnknown: The name org.freedesktop.Notifications was not provided by any .service files
[2.056s] DEBUG:colcon.colcon_core.event_reactor:joined thread
[2.056s] INFO:colcon.colcon_core.shell:Creating prefix script '/home/swarghane/phase1_practice_ws/src/install/local_setup.ps1'
[2.058s] INFO:colcon.colcon_core.shell:Creating prefix util module '/home/swarghane/phase1_practice_ws/src/install/_local_setup_util_ps1.py'
[2.059s] INFO:colcon.colcon_core.shell:Creating prefix chain script '/home/swarghane/phase1_practice_ws/src/install/setup.ps1'
[2.060s] INFO:colcon.colcon_core.shell:Creating prefix script '/home/swarghane/phase1_practice_ws/src/install/local_setup.sh'
[2.062s] INFO:colcon.colcon_core.shell:Creating prefix util module '/home/swarghane/phase1_practice_ws/src/install/_local_setup_util_sh.py'
[2.062s] INFO:colcon.colcon_core.shell:Creating prefix chain script '/home/swarghane/phase1_practice_ws/src/install/setup.sh'
[2.063s] INFO:colcon.colcon_core.shell:Creating prefix script '/home/swarghane/phase1_practice_ws/src/install/local_setup.bash'
[2.064s] INFO:colcon.colcon_core.shell:Creating prefix chain script '/home/swarghane/phase1_practice_ws/src/install/setup.bash'
[2.065s] INFO:colcon.colcon_core.shell:Creating prefix script '/home/swarghane/phase1_practice_ws/src/install/local_setup.zsh'
[2.066s] INFO:colcon.colcon_core.shell:Creating prefix chain script '/home/swarghane/phase1_practice_ws/src/install/setup.zsh'
