running develop
running egg_info
creating my_services_nodes.egg-info
writing my_services_nodes.egg-info/PKG-INFO
writing dependency_links to my_services_nodes.egg-info/dependency_links.txt
writing entry points to my_services_nodes.egg-info/entry_points.txt
writing requirements to my_services_nodes.egg-info/requires.txt
writing top-level names to my_services_nodes.egg-info/top_level.txt
writing manifest file 'my_services_nodes.egg-info/SOURCES.txt'
reading manifest file 'my_services_nodes.egg-info/SOURCES.txt'
writing manifest file 'my_services_nodes.egg-info/SOURCES.txt'
running build_ext
Creating /home/swarghane/phase1_practice_ws/install/my_services_nodes/lib/python3.10/site-packages/my-services-nodes.egg-link (link to .)
Installing add_two_ints_client script to /home/swarghane/phase1_practice_ws/install/my_services_nodes/lib/my_services_nodes
Installing add_two_ints_server script to /home/swarghane/phase1_practice_ws/install/my_services_nodes/lib/my_services_nodes
Installing dist_safety_client script to /home/swarghane/phase1_practice_ws/install/my_services_nodes/lib/my_services_nodes
Installing dist_safety_server script to /home/swarghane/phase1_practice_ws/install/my_services_nodes/lib/my_services_nodes
Installing dynamic_tf_publisher script to /home/swarghane/phase1_practice_ws/install/my_services_nodes/lib/my_services_nodes
Installing static_broadcaster script to /home/swarghane/phase1_practice_ws/install/my_services_nodes/lib/my_services_nodes

Installed /home/swarghane/phase1_practice_ws/build/my_services_nodes
running symlink_data
creating /home/swarghane/phase1_practice_ws/install/my_services_nodes/share/ament_index
creating /home/swarghane/phase1_practice_ws/install/my_services_nodes/share/ament_index/resource_index
creating /home/swarghane/phase1_practice_ws/install/my_services_nodes/share/ament_index/resource_index/packages
symbolically linking /home/swarghane/phase1_practice_ws/build/my_services_nodes/resource/my_services_nodes -> /home/swarghane/phase1_practice_ws/install/my_services_nodes/share/ament_index/resource_index/packages
symbolically linking /home/swarghane/phase1_practice_ws/build/my_services_nodes/package.xml -> /home/swarghane/phase1_practice_ws/install/my_services_nodes/share/my_services_nodes
