[0.955s] Invoking command in '/home/swarghane/phase1_practice_ws/build/my_services_nodes': PYTHONPATH=/home/swarghane/phase1_practice_ws/build/my_services_nodes/prefix_override:/usr/lib/python3/dist-packages/colcon_core/task/python/colcon_distutils_commands:/home/swarghane/phase1_practice_ws/install/my_services_nodes/lib/python3.10/site-packages:${PYTHONPATH} /usr/bin/python3 -W ignore:setup.py install is deprecated -W ignore:easy_install command is deprecated setup.py develop --editable --build-directory /home/swarghane/phase1_practice_ws/build/my_services_nodes/build --no-deps symlink_data
[1.153s] running develop
[1.274s] running egg_info
[1.275s] creating my_services_nodes.egg-info
[1.275s] writing my_services_nodes.egg-info/PKG-INFO
[1.275s] writing dependency_links to my_services_nodes.egg-info/dependency_links.txt
[1.275s] writing entry points to my_services_nodes.egg-info/entry_points.txt
[1.275s] writing requirements to my_services_nodes.egg-info/requires.txt
[1.276s] writing top-level names to my_services_nodes.egg-info/top_level.txt
[1.276s] writing manifest file 'my_services_nodes.egg-info/SOURCES.txt'
[1.277s] reading manifest file 'my_services_nodes.egg-info/SOURCES.txt'
[1.278s] writing manifest file 'my_services_nodes.egg-info/SOURCES.txt'
[1.279s] running build_ext
[1.279s] Creating /home/swarghane/phase1_practice_ws/install/my_services_nodes/lib/python3.10/site-packages/my-services-nodes.egg-link (link to .)
[1.280s] Installing add_two_ints_client script to /home/swarghane/phase1_practice_ws/install/my_services_nodes/lib/my_services_nodes
[1.281s] Installing add_two_ints_server script to /home/swarghane/phase1_practice_ws/install/my_services_nodes/lib/my_services_nodes
[1.281s] Installing dist_safety_client script to /home/swarghane/phase1_practice_ws/install/my_services_nodes/lib/my_services_nodes
[1.281s] Installing dist_safety_server script to /home/swarghane/phase1_practice_ws/install/my_services_nodes/lib/my_services_nodes
[1.282s] Installing dynamic_tf_publisher script to /home/swarghane/phase1_practice_ws/install/my_services_nodes/lib/my_services_nodes
[1.282s] Installing static_broadcaster script to /home/swarghane/phase1_practice_ws/install/my_services_nodes/lib/my_services_nodes
[1.282s] 
[1.283s] Installed /home/swarghane/phase1_practice_ws/build/my_services_nodes
[1.283s] running symlink_data
[1.283s] creating /home/swarghane/phase1_practice_ws/install/my_services_nodes/share/ament_index
[1.286s] creating /home/swarghane/phase1_practice_ws/install/my_services_nodes/share/ament_index/resource_index
[1.286s] creating /home/swarghane/phase1_practice_ws/install/my_services_nodes/share/ament_index/resource_index/packages
[1.286s] symbolically linking /home/swarghane/phase1_practice_ws/build/my_services_nodes/resource/my_services_nodes -> /home/swarghane/phase1_practice_ws/install/my_services_nodes/share/ament_index/resource_index/packages
[1.286s] symbolically linking /home/swarghane/phase1_practice_ws/build/my_services_nodes/package.xml -> /home/swarghane/phase1_practice_ws/install/my_services_nodes/share/my_services_nodes
[1.328s] Invoked command in '/home/swarghane/phase1_practice_ws/build/my_services_nodes' returned '0': PYTHONPATH=/home/swarghane/phase1_practice_ws/build/my_services_nodes/prefix_override:/usr/lib/python3/dist-packages/colcon_core/task/python/colcon_distutils_commands:/home/swarghane/phase1_practice_ws/install/my_services_nodes/lib/python3.10/site-packages:${PYTHONPATH} /usr/bin/python3 -W ignore:setup.py install is deprecated -W ignore:easy_install command is deprecated setup.py develop --editable --build-directory /home/swarghane/phase1_practice_ws/build/my_services_nodes/build --no-deps symlink_data
