[0.925s] Invoking command in '/home/swarghane/phase1_practice_ws/build/my_topics_nodes': PYTHONPATH=/home/swarghane/phase1_practice_ws/build/my_topics_nodes/prefix_override:/usr/lib/python3/dist-packages/colcon_core/task/python/colcon_distutils_commands:/home/swarghane/phase1_practice_ws/install/my_topics_nodes/lib/python3.10/site-packages:${PYTHONPATH} /usr/bin/python3 -W ignore:setup.py install is deprecated -W ignore:easy_install command is deprecated setup.py develop --editable --build-directory /home/swarghane/phase1_practice_ws/build/my_topics_nodes/build --no-deps symlink_data
[1.132s] running develop
[1.255s] running egg_info
[1.255s] creating my_topics_nodes.egg-info
[1.255s] writing my_topics_nodes.egg-info/PKG-INFO
[1.255s] writing dependency_links to my_topics_nodes.egg-info/dependency_links.txt
[1.256s] writing entry points to my_topics_nodes.egg-info/entry_points.txt
[1.256s] writing requirements to my_topics_nodes.egg-info/requires.txt
[1.256s] writing top-level names to my_topics_nodes.egg-info/top_level.txt
[1.256s] writing manifest file 'my_topics_nodes.egg-info/SOURCES.txt'
[1.258s] reading manifest file 'my_topics_nodes.egg-info/SOURCES.txt'
[1.259s] writing manifest file 'my_topics_nodes.egg-info/SOURCES.txt'
[1.260s] running build_ext
[1.261s] Creating /home/swarghane/phase1_practice_ws/install/my_topics_nodes/lib/python3.10/site-packages/my-topics-nodes.egg-link (link to .)
[1.264s] Installing adder_gen script to /home/swarghane/phase1_practice_ws/install/my_topics_nodes/lib/my_topics_nodes
[1.264s] Installing adder_sum script to /home/swarghane/phase1_practice_ws/install/my_topics_nodes/lib/my_topics_nodes
[1.264s] Installing camera_pub script to /home/swarghane/phase1_practice_ws/install/my_topics_nodes/lib/my_topics_nodes
[1.264s] Installing debouncer script to /home/swarghane/phase1_practice_ws/install/my_topics_nodes/lib/my_topics_nodes
[1.264s] Installing dist_monitor script to /home/swarghane/phase1_practice_ws/install/my_topics_nodes/lib/my_topics_nodes
[1.264s] Installing image_sub script to /home/swarghane/phase1_practice_ws/install/my_topics_nodes/lib/my_topics_nodes
[1.264s] Installing my_listener script to /home/swarghane/phase1_practice_ws/install/my_topics_nodes/lib/my_topics_nodes
[1.264s] Installing my_talker script to /home/swarghane/phase1_practice_ws/install/my_topics_nodes/lib/my_topics_nodes
[1.264s] Installing safety_mon script to /home/swarghane/phase1_practice_ws/install/my_topics_nodes/lib/my_topics_nodes
[1.265s] Installing square_walker script to /home/swarghane/phase1_practice_ws/install/my_topics_nodes/lib/my_topics_nodes
[1.265s] 
[1.265s] Installed /home/swarghane/phase1_practice_ws/build/my_topics_nodes
[1.265s] running symlink_data
[1.265s] creating /home/swarghane/phase1_practice_ws/install/my_topics_nodes/share/ament_index
[1.265s] creating /home/swarghane/phase1_practice_ws/install/my_topics_nodes/share/ament_index/resource_index
[1.266s] creating /home/swarghane/phase1_practice_ws/install/my_topics_nodes/share/ament_index/resource_index/packages
[1.266s] symbolically linking /home/swarghane/phase1_practice_ws/build/my_topics_nodes/resource/my_topics_nodes -> /home/swarghane/phase1_practice_ws/install/my_topics_nodes/share/ament_index/resource_index/packages
[1.266s] symbolically linking /home/swarghane/phase1_practice_ws/build/my_topics_nodes/package.xml -> /home/swarghane/phase1_practice_ws/install/my_topics_nodes/share/my_topics_nodes
[1.266s] creating /home/swarghane/phase1_practice_ws/install/my_topics_nodes/share/my_topics_nodes/launch
[1.266s] error: can't copy '/home/swarghane/phase1_practice_ws/build/my_topics_nodes/launch/launch.py': doesn't exist or not a regular file
[1.331s] Invoked command in '/home/swarghane/phase1_practice_ws/build/my_topics_nodes' returned '1': PYTHONPATH=/home/swarghane/phase1_practice_ws/build/my_topics_nodes/prefix_override:/usr/lib/python3/dist-packages/colcon_core/task/python/colcon_distutils_commands:/home/swarghane/phase1_practice_ws/install/my_topics_nodes/lib/python3.10/site-packages:${PYTHONPATH} /usr/bin/python3 -W ignore:setup.py install is deprecated -W ignore:easy_install command is deprecated setup.py develop --editable --build-directory /home/swarghane/phase1_practice_ws/build/my_topics_nodes/build --no-deps symlink_data
